<?xml version="1.0" encoding="UTF-8"?>
<!-- Generated by org.testng.reporters.JUnitXMLReporter -->
<testsuite hostname="MacBook-Pro.local" name="Test" tests="24" failures="0" timestamp="4 May 2016 12:43:58 GMT" time="238.025" errors="0">
  <testcase name="Assessment_view_icon" time="12.127" classname="patientClinic.PatientAssessment"/>
  <testcase name="Assessment_view_email" time="11.811" classname="patientClinic.PatientAssessment"/>
  <testcase name="Assessment_View_Print" time="9.102" classname="patientClinic.PatientAssessment"/>
  <testcase name="Assessment_View_Back" time="11.323" classname="patientClinic.PatientAssessment"/>
  <testcase name="Journal_View" time="9.456" classname="patientClinic.PatientJournal"/>
  <testcase name="Journal_New_Entry" time="11.482" classname="patientClinic.PatientJournal"/>
  <testcase name="Add_Resources" time="8.97" classname="patientClinic.PatientResources"/>
  <testcase name="Edit_Resources" time="9.146" classname="patientClinic.PatientResources"/>
  <testcase name="Resources_Edit_Cancel_link" time="8.632" classname="patientClinic.PatientResources"/>
  <testcase name="Resources_Delete" time="8.694" classname="patientClinic.PatientResources"/>
  <testcase name="Resources_Add_Cancel_link" time="8.521" classname="patientClinic.PatientResources"/>
  <testcase name="Add_Note" time="8.682" classname="patientClinic.PatientNotes"/>
  <testcase name="Notes_Add_Cancel_link" time="8.606" classname="patientClinic.PatientNotes"/>
  <testcase name="Notes_Edit" time="8.707" classname="patientClinic.PatientNotes"/>
  <testcase name="Notes_Edit_Cancel_link" time="8.641" classname="patientClinic.PatientNotes"/>
  <testcase name="Notes_Delete" time="8.701" classname="patientClinic.PatientNotes"/>
  <testcase name="Post_Message" time="12.314" classname="patientClinic.PatientMessage"/>
  <testcase name="Post_Message_Cancel_link" time="11.434" classname="patientClinic.PatientMessage"/>
  <testcase name="Message_Hide" time="9.712" classname="patientClinic.PatientMessage"/>
  <testcase name="Message_Show" time="9.516" classname="patientClinic.PatientMessage"/>
  <testcase name="Message_Delete" time="10.388" classname="patientClinic.PatientMessage"/>
  <testcase name="Calendar_Add_Event" time="11.944" classname="patientClinic.PatientCalendar"/>
  <testcase name="Calendar_Add_Event_Cancel" time="10.724" classname="patientClinic.PatientCalendar"/>
  <testcase name="Calendar_Export" time="9.353" classname="patientClinic.PatientCalendar"/>
</testsuite> <!-- Test -->
