<?xml version="1.0" encoding="UTF-8"?>
<!-- Generated by org.testng.reporters.JUnitXMLReporter -->
<testsuite hostname="MacBook-Pro-3.local" name="Test" tests="4" failures="0" timestamp="20 May 2016 17:08:13 GMT" time="61.967" errors="0">
  <testcase name="Assessment_view_icon" time="15.331" classname="patientClinic.PatientAssessment"/>
  <testcase name="Assessment_view_email" time="19.385" classname="patientClinic.PatientAssessment"/>
  <testcase name="Assessment_View_Print" time="13.34" classname="patientClinic.PatientAssessment"/>
  <testcase name="Assessment_View_Back" time="13.884" classname="patientClinic.PatientAssessment"/>
</testsuite> <!-- Test -->
