<?xml version="1.0" encoding="UTF-8"?>
<testng-results skipped="0" failed="0" total="4" passed="4">
  <reporter-output>
  </reporter-output>
  <suite name="Default suite" duration-ms="74722" started-at="2016-04-22T18:11:51Z" finished-at="2016-04-22T18:13:06Z">
    <groups>
    </groups>
    <test name="Default test" duration-ms="74722" started-at="2016-04-22T18:11:51Z" finished-at="2016-04-22T18:13:06Z">
      <class name="patientClinic.PatientAssessment">
        <test-method status="PASS" signature="Assessment_view_icon()[pri:0, instance:patientClinic.PatientAssessment@506e6d5e]" name="Assessment_view_icon" duration-ms="22537" started-at="2016-04-22T15:11:51Z" finished-at="2016-04-22T15:12:14Z">
          <reporter-output>
          </reporter-output>
        </test-method> <!-- Assessment_view_icon -->
        <test-method status="PASS" signature="Assessment_view_email()[pri:0, instance:patientClinic.PatientAssessment@506e6d5e]" name="Assessment_view_email" duration-ms="17604" started-at="2016-04-22T15:12:14Z" finished-at="2016-04-22T15:12:31Z">
          <reporter-output>
          </reporter-output>
        </test-method> <!-- Assessment_view_email -->
        <test-method status="PASS" signature="Assessment_view_print()[pri:0, instance:patientClinic.PatientAssessment@506e6d5e]" name="Assessment_view_print" duration-ms="16175" started-at="2016-04-22T15:12:31Z" finished-at="2016-04-22T15:12:48Z">
          <reporter-output>
          </reporter-output>
        </test-method> <!-- Assessment_view_print -->
        <test-method status="PASS" signature="Assessment_view_back()[pri:0, instance:patientClinic.PatientAssessment@506e6d5e]" name="Assessment_view_back" duration-ms="18365" started-at="2016-04-22T15:12:48Z" finished-at="2016-04-22T15:13:06Z">
          <reporter-output>
          </reporter-output>
        </test-method> <!-- Assessment_view_back -->
      </class> <!-- patientClinic.PatientAssessment -->
    </test> <!-- Default test -->
  </suite> <!-- Default suite -->
</testng-results>
