<?xml version="1.0" encoding="UTF-8"?>
<!-- Generated by org.testng.reporters.JUnitXMLReporter -->
<testsuite hostname="MacBook-Pro-3.local" name="Default test" tests="5" failures="0" timestamp="17 May 2016 18:29:28 GMT" time="57.347" errors="0">
  <testcase name="create_faq_builder" time="14.008" classname="practitionerClinic.FAQ_Builder"/>
  <testcase name="create_faq_builder_cancel_button" time="11.272" classname="practitionerClinic.FAQ_Builder"/>
  <testcase name="Search_faq_builder" time="11.972" classname="practitionerClinic.FAQ_Builder"/>
  <testcase name="Search_Clear_faq_builder" time="9.314" classname="practitionerClinic.FAQ_Builder"/>
  <testcase name="faq_builder_sort_Question" time="10.759" classname="practitionerClinic.FAQ_Builder"/>
</testsuite> <!-- Default test -->
